<?xml version="1.0" encoding="UTF-8"?>
<testsuite xmlns:xsi="http://www.w3.org/2001/XMLSchema-instance" xsi:noNamespaceSchemaLocation="https://maven.apache.org/surefire/maven-surefire-plugin/xsd/surefire-test-report.xsd" name="com.ly.bigdata.CourseChoosingSysApplicationTests" time="11.84" tests="1" errors="0" skipped="0" failures="0">
  <properties>
    <property name="sun.desktop" value="windows"/>
    <property name="awt.toolkit" value="sun.awt.windows.WToolkit"/>
    <property name="file.encoding.pkg" value="sun.io"/>
    <property name="java.specification.version" value="1.8"/>
    <property name="sun.cpu.isalist" value="amd64"/>
    <property name="sun.jnu.encoding" value="GBK"/>
    <property name="java.class.path" value="C:\Users\64378\Desktop\192.168.0.115\course-choosing-sys\target\test-classes;C:\Users\64378\Desktop\192.168.0.115\course-choosing-sys\target\classes;E:\res\org\springframework\boot\spring-boot-starter-data-jdbc\2.4.4\spring-boot-starter-data-jdbc-2.4.4.jar;E:\res\org\springframework\boot\spring-boot-starter-jdbc\2.4.4\spring-boot-starter-jdbc-2.4.4.jar;E:\res\com\zaxxer\HikariCP\3.4.5\HikariCP-3.4.5.jar;E:\res\org\springframework\spring-jdbc\5.3.5\spring-jdbc-5.3.5.jar;E:\res\org\springframework\data\spring-data-jdbc\2.1.6\spring-data-jdbc-2.1.6.jar;E:\res\org\springframework\data\spring-data-relational\2.1.6\spring-data-relational-2.1.6.jar;E:\res\org\springframework\data\spring-data-commons\2.4.6\spring-data-commons-2.4.6.jar;E:\res\org\springframework\spring-tx\5.3.5\spring-tx-5.3.5.jar;E:\res\org\springframework\spring-context\5.3.5\spring-context-5.3.5.jar;E:\res\org\springframework\spring-beans\5.3.5\spring-beans-5.3.5.jar;E:\res\org\springframework\boot\spring-boot-starter-data-redis\2.4.4\spring-boot-starter-data-redis-2.4.4.jar;E:\res\org\springframework\boot\spring-boot-starter\2.4.4\spring-boot-starter-2.4.4.jar;E:\res\org\springframework\boot\spring-boot-starter-logging\2.4.4\spring-boot-starter-logging-2.4.4.jar;E:\res\ch\qos\logback\logback-classic\1.2.3\logback-classic-1.2.3.jar;E:\res\ch\qos\logback\logback-core\1.2.3\logback-core-1.2.3.jar;E:\res\org\apache\logging\log4j\log4j-to-slf4j\2.13.3\log4j-to-slf4j-2.13.3.jar;E:\res\org\apache\logging\log4j\log4j-api\2.13.3\log4j-api-2.13.3.jar;E:\res\org\slf4j\jul-to-slf4j\1.7.30\jul-to-slf4j-1.7.30.jar;E:\res\org\yaml\snakeyaml\1.27\snakeyaml-1.27.jar;E:\res\org\springframework\data\spring-data-redis\2.4.6\spring-data-redis-2.4.6.jar;E:\res\org\springframework\data\spring-data-keyvalue\2.4.6\spring-data-keyvalue-2.4.6.jar;E:\res\org\springframework\spring-oxm\5.3.5\spring-oxm-5.3.5.jar;E:\res\org\springframework\spring-aop\5.3.5\spring-aop-5.3.5.jar;E:\res\io\lettuce\lettuce-core\6.0.3.RELEASE\lettuce-core-6.0.3.RELEASE.jar;E:\res\io\netty\netty-common\4.1.60.Final\netty-common-4.1.60.Final.jar;E:\res\io\netty\netty-handler\4.1.60.Final\netty-handler-4.1.60.Final.jar;E:\res\io\netty\netty-resolver\4.1.60.Final\netty-resolver-4.1.60.Final.jar;E:\res\io\netty\netty-buffer\4.1.60.Final\netty-buffer-4.1.60.Final.jar;E:\res\io\netty\netty-codec\4.1.60.Final\netty-codec-4.1.60.Final.jar;E:\res\io\netty\netty-transport\4.1.60.Final\netty-transport-4.1.60.Final.jar;E:\res\io\projectreactor\reactor-core\3.4.4\reactor-core-3.4.4.jar;E:\res\org\reactivestreams\reactive-streams\1.0.3\reactive-streams-1.0.3.jar;E:\res\org\springframework\boot\spring-boot-starter-web\2.4.4\spring-boot-starter-web-2.4.4.jar;E:\res\org\springframework\boot\spring-boot-starter-json\2.4.4\spring-boot-starter-json-2.4.4.jar;E:\res\com\fasterxml\jackson\core\jackson-databind\2.11.4\jackson-databind-2.11.4.jar;E:\res\com\fasterxml\jackson\core\jackson-annotations\2.11.4\jackson-annotations-2.11.4.jar;E:\res\com\fasterxml\jackson\core\jackson-core\2.11.4\jackson-core-2.11.4.jar;E:\res\com\fasterxml\jackson\datatype\jackson-datatype-jdk8\2.11.4\jackson-datatype-jdk8-2.11.4.jar;E:\res\com\fasterxml\jackson\datatype\jackson-datatype-jsr310\2.11.4\jackson-datatype-jsr310-2.11.4.jar;E:\res\com\fasterxml\jackson\module\jackson-module-parameter-names\2.11.4\jackson-module-parameter-names-2.11.4.jar;E:\res\org\springframework\spring-web\5.3.5\spring-web-5.3.5.jar;E:\res\org\springframework\spring-webmvc\5.3.5\spring-webmvc-5.3.5.jar;E:\res\org\springframework\spring-expression\5.3.5\spring-expression-5.3.5.jar;E:\res\org\springframework\boot\spring-boot-devtools\2.4.4\spring-boot-devtools-2.4.4.jar;E:\res\org\springframework\boot\spring-boot\2.4.4\spring-boot-2.4.4.jar;E:\res\org\springframework\boot\spring-boot-autoconfigure\2.4.4\spring-boot-autoconfigure-2.4.4.jar;E:\res\mysql\mysql-connector-java\8.0.23\mysql-connector-java-8.0.23.jar;E:\res\org\projectlombok\lombok\1.18.18\lombok-1.18.18.jar;E:\res\org\springframework\boot\spring-boot-starter-tomcat\2.4.4\spring-boot-starter-tomcat-2.4.4.jar;E:\res\jakarta\annotation\jakarta.annotation-api\1.3.5\jakarta.annotation-api-1.3.5.jar;E:\res\org\apache\tomcat\embed\tomcat-embed-core\9.0.44\tomcat-embed-core-9.0.44.jar;E:\res\org\glassfish\jakarta.el\3.0.3\jakarta.el-3.0.3.jar;E:\res\org\apache\tomcat\embed\tomcat-embed-websocket\9.0.44\tomcat-embed-websocket-9.0.44.jar;E:\res\org\springframework\boot\spring-boot-starter-test\2.4.4\spring-boot-starter-test-2.4.4.jar;E:\res\org\springframework\boot\spring-boot-test\2.4.4\spring-boot-test-2.4.4.jar;E:\res\org\springframework\boot\spring-boot-test-autoconfigure\2.4.4\spring-boot-test-autoconfigure-2.4.4.jar;E:\res\com\jayway\jsonpath\json-path\2.4.0\json-path-2.4.0.jar;E:\res\net\minidev\json-smart\2.3\json-smart-2.3.jar;E:\res\net\minidev\accessors-smart\1.2\accessors-smart-1.2.jar;E:\res\org\ow2\asm\asm\5.0.4\asm-5.0.4.jar;E:\res\jakarta\xml\bind\jakarta.xml.bind-api\2.3.3\jakarta.xml.bind-api-2.3.3.jar;E:\res\jakarta\activation\jakarta.activation-api\1.2.2\jakarta.activation-api-1.2.2.jar;E:\res\org\assertj\assertj-core\3.18.1\assertj-core-3.18.1.jar;E:\res\org\hamcrest\hamcrest\2.2\hamcrest-2.2.jar;E:\res\org\junit\jupiter\junit-jupiter\5.7.1\junit-jupiter-5.7.1.jar;E:\res\org\junit\jupiter\junit-jupiter-api\5.7.1\junit-jupiter-api-5.7.1.jar;E:\res\org\apiguardian\apiguardian-api\1.1.0\apiguardian-api-1.1.0.jar;E:\res\org\opentest4j\opentest4j\1.2.0\opentest4j-1.2.0.jar;E:\res\org\junit\platform\junit-platform-commons\1.7.1\junit-platform-commons-1.7.1.jar;E:\res\org\junit\jupiter\junit-jupiter-params\5.7.1\junit-jupiter-params-5.7.1.jar;E:\res\org\junit\jupiter\junit-jupiter-engine\5.7.1\junit-jupiter-engine-5.7.1.jar;E:\res\org\junit\platform\junit-platform-engine\1.7.1\junit-platform-engine-1.7.1.jar;E:\res\org\mockito\mockito-core\3.6.28\mockito-core-3.6.28.jar;E:\res\net\bytebuddy\byte-buddy\1.10.22\byte-buddy-1.10.22.jar;E:\res\net\bytebuddy\byte-buddy-agent\1.10.22\byte-buddy-agent-1.10.22.jar;E:\res\org\objenesis\objenesis\3.1\objenesis-3.1.jar;E:\res\org\mockito\mockito-junit-jupiter\3.6.28\mockito-junit-jupiter-3.6.28.jar;E:\res\org\skyscreamer\jsonassert\1.5.0\jsonassert-1.5.0.jar;E:\res\com\vaadin\external\google\android-json\0.0.20131108.vaadin1\android-json-0.0.20131108.vaadin1.jar;E:\res\org\springframework\spring-core\5.3.5\spring-core-5.3.5.jar;E:\res\org\springframework\spring-jcl\5.3.5\spring-jcl-5.3.5.jar;E:\res\org\springframework\spring-test\5.3.5\spring-test-5.3.5.jar;E:\res\org\xmlunit\xmlunit-core\2.7.0\xmlunit-core-2.7.0.jar;E:\res\javax\servlet\javax.servlet-api\4.0.1\javax.servlet-api-4.0.1.jar;E:\res\javax\servlet\jstl\1.2\jstl-1.2.jar;E:\res\org\apache\tomcat\embed\tomcat-embed-jasper\9.0.44\tomcat-embed-jasper-9.0.44.jar;E:\res\org\apache\tomcat\embed\tomcat-embed-el\9.0.44\tomcat-embed-el-9.0.44.jar;E:\res\org\eclipse\jdt\ecj\3.18.0\ecj-3.18.0.jar;E:\res\com\baomidou\mybatis-plus-boot-starter\3.4.2\mybatis-plus-boot-starter-3.4.2.jar;E:\res\com\baomidou\mybatis-plus\3.4.2\mybatis-plus-3.4.2.jar;E:\res\com\baomidou\mybatis-plus-extension\3.4.2\mybatis-plus-extension-3.4.2.jar;E:\res\com\baomidou\mybatis-plus-core\3.4.2\mybatis-plus-core-3.4.2.jar;E:\res\com\baomidou\mybatis-plus-annotation\3.4.2\mybatis-plus-annotation-3.4.2.jar;E:\res\com\github\jsqlparser\jsqlparser\4.0\jsqlparser-4.0.jar;E:\res\org\mybatis\mybatis\3.5.6\mybatis-3.5.6.jar;E:\res\org\mybatis\mybatis-spring\2.0.5\mybatis-spring-2.0.5.jar;E:\res\com\baomidou\mybatis-plus-generator\3.3.2\mybatis-plus-generator-3.3.2.jar;E:\res\org\apache\velocity\velocity-engine-core\2.0\velocity-engine-core-2.0.jar;E:\res\org\apache\commons\commons-lang3\3.11\commons-lang3-3.11.jar;E:\res\org\slf4j\slf4j-api\1.7.30\slf4j-api-1.7.30.jar;E:\res\org\springframework\boot\spring-boot-starter-freemarker\2.3.5.RELEASE\spring-boot-starter-freemarker-2.3.5.RELEASE.jar;E:\res\org\freemarker\freemarker\2.3.31\freemarker-2.3.31.jar;E:\res\org\springframework\spring-context-support\5.3.5\spring-context-support-5.3.5.jar;E:\res\commons-fileupload\commons-fileupload\1.3.3\commons-fileupload-1.3.3.jar;E:\res\commons-io\commons-io\2.4\commons-io-2.4.jar;"/>
    <property name="java.vm.vendor" value="Oracle Corporation"/>
    <property name="sun.arch.data.model" value="64"/>
    <property name="user.variant" value=""/>
    <property name="java.vendor.url" value="http://java.oracle.com/"/>
    <property name="user.timezone" value="Asia/Shanghai"/>
    <property name="java.vm.specification.version" value="1.8"/>
    <property name="os.name" value="Windows 10"/>
    <property name="user.country" value="CN"/>
    <property name="sun.java.launcher" value="SUN_STANDARD"/>
    <property name="sun.boot.library.path" value="C:\Program Files\Java\jdk1.8.0_151\jre\bin"/>
    <property name="sun.java.command" value="C:\Users\64378\AppData\Local\Temp\surefire6988806246967639083\surefirebooter905399843068984160.jar C:\Users\64378\AppData\Local\Temp\surefire6988806246967639083 2021-04-16T11-02-35_992-jvmRun1 surefire2636898813690477085tmp surefire_05249441289245702378tmp"/>
    <property name="surefire.test.class.path" value="C:\Users\64378\Desktop\192.168.0.115\course-choosing-sys\target\test-classes;C:\Users\64378\Desktop\192.168.0.115\course-choosing-sys\target\classes;E:\res\org\springframework\boot\spring-boot-starter-data-jdbc\2.4.4\spring-boot-starter-data-jdbc-2.4.4.jar;E:\res\org\springframework\boot\spring-boot-starter-jdbc\2.4.4\spring-boot-starter-jdbc-2.4.4.jar;E:\res\com\zaxxer\HikariCP\3.4.5\HikariCP-3.4.5.jar;E:\res\org\springframework\spring-jdbc\5.3.5\spring-jdbc-5.3.5.jar;E:\res\org\springframework\data\spring-data-jdbc\2.1.6\spring-data-jdbc-2.1.6.jar;E:\res\org\springframework\data\spring-data-relational\2.1.6\spring-data-relational-2.1.6.jar;E:\res\org\springframework\data\spring-data-commons\2.4.6\spring-data-commons-2.4.6.jar;E:\res\org\springframework\spring-tx\5.3.5\spring-tx-5.3.5.jar;E:\res\org\springframework\spring-context\5.3.5\spring-context-5.3.5.jar;E:\res\org\springframework\spring-beans\5.3.5\spring-beans-5.3.5.jar;E:\res\org\springframework\boot\spring-boot-starter-data-redis\2.4.4\spring-boot-starter-data-redis-2.4.4.jar;E:\res\org\springframework\boot\spring-boot-starter\2.4.4\spring-boot-starter-2.4.4.jar;E:\res\org\springframework\boot\spring-boot-starter-logging\2.4.4\spring-boot-starter-logging-2.4.4.jar;E:\res\ch\qos\logback\logback-classic\1.2.3\logback-classic-1.2.3.jar;E:\res\ch\qos\logback\logback-core\1.2.3\logback-core-1.2.3.jar;E:\res\org\apache\logging\log4j\log4j-to-slf4j\2.13.3\log4j-to-slf4j-2.13.3.jar;E:\res\org\apache\logging\log4j\log4j-api\2.13.3\log4j-api-2.13.3.jar;E:\res\org\slf4j\jul-to-slf4j\1.7.30\jul-to-slf4j-1.7.30.jar;E:\res\org\yaml\snakeyaml\1.27\snakeyaml-1.27.jar;E:\res\org\springframework\data\spring-data-redis\2.4.6\spring-data-redis-2.4.6.jar;E:\res\org\springframework\data\spring-data-keyvalue\2.4.6\spring-data-keyvalue-2.4.6.jar;E:\res\org\springframework\spring-oxm\5.3.5\spring-oxm-5.3.5.jar;E:\res\org\springframework\spring-aop\5.3.5\spring-aop-5.3.5.jar;E:\res\io\lettuce\lettuce-core\6.0.3.RELEASE\lettuce-core-6.0.3.RELEASE.jar;E:\res\io\netty\netty-common\4.1.60.Final\netty-common-4.1.60.Final.jar;E:\res\io\netty\netty-handler\4.1.60.Final\netty-handler-4.1.60.Final.jar;E:\res\io\netty\netty-resolver\4.1.60.Final\netty-resolver-4.1.60.Final.jar;E:\res\io\netty\netty-buffer\4.1.60.Final\netty-buffer-4.1.60.Final.jar;E:\res\io\netty\netty-codec\4.1.60.Final\netty-codec-4.1.60.Final.jar;E:\res\io\netty\netty-transport\4.1.60.Final\netty-transport-4.1.60.Final.jar;E:\res\io\projectreactor\reactor-core\3.4.4\reactor-core-3.4.4.jar;E:\res\org\reactivestreams\reactive-streams\1.0.3\reactive-streams-1.0.3.jar;E:\res\org\springframework\boot\spring-boot-starter-web\2.4.4\spring-boot-starter-web-2.4.4.jar;E:\res\org\springframework\boot\spring-boot-starter-json\2.4.4\spring-boot-starter-json-2.4.4.jar;E:\res\com\fasterxml\jackson\core\jackson-databind\2.11.4\jackson-databind-2.11.4.jar;E:\res\com\fasterxml\jackson\core\jackson-annotations\2.11.4\jackson-annotations-2.11.4.jar;E:\res\com\fasterxml\jackson\core\jackson-core\2.11.4\jackson-core-2.11.4.jar;E:\res\com\fasterxml\jackson\datatype\jackson-datatype-jdk8\2.11.4\jackson-datatype-jdk8-2.11.4.jar;E:\res\com\fasterxml\jackson\datatype\jackson-datatype-jsr310\2.11.4\jackson-datatype-jsr310-2.11.4.jar;E:\res\com\fasterxml\jackson\module\jackson-module-parameter-names\2.11.4\jackson-module-parameter-names-2.11.4.jar;E:\res\org\springframework\spring-web\5.3.5\spring-web-5.3.5.jar;E:\res\org\springframework\spring-webmvc\5.3.5\spring-webmvc-5.3.5.jar;E:\res\org\springframework\spring-expression\5.3.5\spring-expression-5.3.5.jar;E:\res\org\springframework\boot\spring-boot-devtools\2.4.4\spring-boot-devtools-2.4.4.jar;E:\res\org\springframework\boot\spring-boot\2.4.4\spring-boot-2.4.4.jar;E:\res\org\springframework\boot\spring-boot-autoconfigure\2.4.4\spring-boot-autoconfigure-2.4.4.jar;E:\res\mysql\mysql-connector-java\8.0.23\mysql-connector-java-8.0.23.jar;E:\res\org\projectlombok\lombok\1.18.18\lombok-1.18.18.jar;E:\res\org\springframework\boot\spring-boot-starter-tomcat\2.4.4\spring-boot-starter-tomcat-2.4.4.jar;E:\res\jakarta\annotation\jakarta.annotation-api\1.3.5\jakarta.annotation-api-1.3.5.jar;E:\res\org\apache\tomcat\embed\tomcat-embed-core\9.0.44\tomcat-embed-core-9.0.44.jar;E:\res\org\glassfish\jakarta.el\3.0.3\jakarta.el-3.0.3.jar;E:\res\org\apache\tomcat\embed\tomcat-embed-websocket\9.0.44\tomcat-embed-websocket-9.0.44.jar;E:\res\org\springframework\boot\spring-boot-starter-test\2.4.4\spring-boot-starter-test-2.4.4.jar;E:\res\org\springframework\boot\spring-boot-test\2.4.4\spring-boot-test-2.4.4.jar;E:\res\org\springframework\boot\spring-boot-test-autoconfigure\2.4.4\spring-boot-test-autoconfigure-2.4.4.jar;E:\res\com\jayway\jsonpath\json-path\2.4.0\json-path-2.4.0.jar;E:\res\net\minidev\json-smart\2.3\json-smart-2.3.jar;E:\res\net\minidev\accessors-smart\1.2\accessors-smart-1.2.jar;E:\res\org\ow2\asm\asm\5.0.4\asm-5.0.4.jar;E:\res\jakarta\xml\bind\jakarta.xml.bind-api\2.3.3\jakarta.xml.bind-api-2.3.3.jar;E:\res\jakarta\activation\jakarta.activation-api\1.2.2\jakarta.activation-api-1.2.2.jar;E:\res\org\assertj\assertj-core\3.18.1\assertj-core-3.18.1.jar;E:\res\org\hamcrest\hamcrest\2.2\hamcrest-2.2.jar;E:\res\org\junit\jupiter\junit-jupiter\5.7.1\junit-jupiter-5.7.1.jar;E:\res\org\junit\jupiter\junit-jupiter-api\5.7.1\junit-jupiter-api-5.7.1.jar;E:\res\org\apiguardian\apiguardian-api\1.1.0\apiguardian-api-1.1.0.jar;E:\res\org\opentest4j\opentest4j\1.2.0\opentest4j-1.2.0.jar;E:\res\org\junit\platform\junit-platform-commons\1.7.1\junit-platform-commons-1.7.1.jar;E:\res\org\junit\jupiter\junit-jupiter-params\5.7.1\junit-jupiter-params-5.7.1.jar;E:\res\org\junit\jupiter\junit-jupiter-engine\5.7.1\junit-jupiter-engine-5.7.1.jar;E:\res\org\junit\platform\junit-platform-engine\1.7.1\junit-platform-engine-1.7.1.jar;E:\res\org\mockito\mockito-core\3.6.28\mockito-core-3.6.28.jar;E:\res\net\bytebuddy\byte-buddy\1.10.22\byte-buddy-1.10.22.jar;E:\res\net\bytebuddy\byte-buddy-agent\1.10.22\byte-buddy-agent-1.10.22.jar;E:\res\org\objenesis\objenesis\3.1\objenesis-3.1.jar;E:\res\org\mockito\mockito-junit-jupiter\3.6.28\mockito-junit-jupiter-3.6.28.jar;E:\res\org\skyscreamer\jsonassert\1.5.0\jsonassert-1.5.0.jar;E:\res\com\vaadin\external\google\android-json\0.0.20131108.vaadin1\android-json-0.0.20131108.vaadin1.jar;E:\res\org\springframework\spring-core\5.3.5\spring-core-5.3.5.jar;E:\res\org\springframework\spring-jcl\5.3.5\spring-jcl-5.3.5.jar;E:\res\org\springframework\spring-test\5.3.5\spring-test-5.3.5.jar;E:\res\org\xmlunit\xmlunit-core\2.7.0\xmlunit-core-2.7.0.jar;E:\res\javax\servlet\javax.servlet-api\4.0.1\javax.servlet-api-4.0.1.jar;E:\res\javax\servlet\jstl\1.2\jstl-1.2.jar;E:\res\org\apache\tomcat\embed\tomcat-embed-jasper\9.0.44\tomcat-embed-jasper-9.0.44.jar;E:\res\org\apache\tomcat\embed\tomcat-embed-el\9.0.44\tomcat-embed-el-9.0.44.jar;E:\res\org\eclipse\jdt\ecj\3.18.0\ecj-3.18.0.jar;E:\res\com\baomidou\mybatis-plus-boot-starter\3.4.2\mybatis-plus-boot-starter-3.4.2.jar;E:\res\com\baomidou\mybatis-plus\3.4.2\mybatis-plus-3.4.2.jar;E:\res\com\baomidou\mybatis-plus-extension\3.4.2\mybatis-plus-extension-3.4.2.jar;E:\res\com\baomidou\mybatis-plus-core\3.4.2\mybatis-plus-core-3.4.2.jar;E:\res\com\baomidou\mybatis-plus-annotation\3.4.2\mybatis-plus-annotation-3.4.2.jar;E:\res\com\github\jsqlparser\jsqlparser\4.0\jsqlparser-4.0.jar;E:\res\org\mybatis\mybatis\3.5.6\mybatis-3.5.6.jar;E:\res\org\mybatis\mybatis-spring\2.0.5\mybatis-spring-2.0.5.jar;E:\res\com\baomidou\mybatis-plus-generator\3.3.2\mybatis-plus-generator-3.3.2.jar;E:\res\org\apache\velocity\velocity-engine-core\2.0\velocity-engine-core-2.0.jar;E:\res\org\apache\commons\commons-lang3\3.11\commons-lang3-3.11.jar;E:\res\org\slf4j\slf4j-api\1.7.30\slf4j-api-1.7.30.jar;E:\res\org\springframework\boot\spring-boot-starter-freemarker\2.3.5.RELEASE\spring-boot-starter-freemarker-2.3.5.RELEASE.jar;E:\res\org\freemarker\freemarker\2.3.31\freemarker-2.3.31.jar;E:\res\org\springframework\spring-context-support\5.3.5\spring-context-support-5.3.5.jar;E:\res\commons-fileupload\commons-fileupload\1.3.3\commons-fileupload-1.3.3.jar;E:\res\commons-io\commons-io\2.4\commons-io-2.4.jar;"/>
    <property name="sun.cpu.endian" value="little"/>
    <property name="user.home" value="C:\Users\64378"/>
    <property name="user.language" value="zh"/>
    <property name="java.specification.vendor" value="Oracle Corporation"/>
    <property name="java.home" value="C:\Program Files\Java\jdk1.8.0_151\jre"/>
    <property name="basedir" value="C:\Users\64378\Desktop\192.168.0.115\course-choosing-sys"/>
    <property name="file.separator" value="\"/>
    <property name="line.separator" value="&#10;"/>
    <property name="java.vm.specification.vendor" value="Oracle Corporation"/>
    <property name="java.specification.name" value="Java Platform API Specification"/>
    <property name="java.awt.graphicsenv" value="sun.awt.Win32GraphicsEnvironment"/>
    <property name="surefire.real.class.path" value="C:\Users\64378\AppData\Local\Temp\surefire6988806246967639083\surefirebooter905399843068984160.jar"/>
    <property name="sun.boot.class.path" value="C:\Program Files\Java\jdk1.8.0_151\jre\lib\resources.jar;C:\Program Files\Java\jdk1.8.0_151\jre\lib\rt.jar;C:\Program Files\Java\jdk1.8.0_151\jre\lib\sunrsasign.jar;C:\Program Files\Java\jdk1.8.0_151\jre\lib\jsse.jar;C:\Program Files\Java\jdk1.8.0_151\jre\lib\jce.jar;C:\Program Files\Java\jdk1.8.0_151\jre\lib\charsets.jar;C:\Program Files\Java\jdk1.8.0_151\jre\lib\jfr.jar;C:\Program Files\Java\jdk1.8.0_151\jre\classes"/>
    <property name="user.script" value=""/>
    <property name="sun.management.compiler" value="HotSpot 64-Bit Tiered Compilers"/>
    <property name="java.runtime.version" value="1.8.0_151-b12"/>
    <property name="user.name" value="64378"/>
    <property name="path.separator" value=";"/>
    <property name="os.version" value="10.0"/>
    <property name="java.endorsed.dirs" value="C:\Program Files\Java\jdk1.8.0_151\jre\lib\endorsed"/>
    <property name="java.runtime.name" value="Java(TM) SE Runtime Environment"/>
    <property name="file.encoding" value="GBK"/>
    <property name="java.vm.name" value="Java HotSpot(TM) 64-Bit Server VM"/>
    <property name="localRepository" value="E:\res"/>
    <property name="java.vendor.url.bug" value="http://bugreport.sun.com/bugreport/"/>
    <property name="java.io.tmpdir" value="C:\Users\64378\AppData\Local\Temp\"/>
    <property name="idea.version" value="2021.1"/>
    <property name="java.version" value="1.8.0_151"/>
    <property name="user.dir" value="C:\Users\64378\Desktop\192.168.0.115\course-choosing-sys"/>
    <property name="os.arch" value="amd64"/>
    <property name="java.vm.specification.name" value="Java Virtual Machine Specification"/>
    <property name="java.awt.printerjob" value="sun.awt.windows.WPrinterJob"/>
    <property name="sun.os.patch.level" value=""/>
    <property name="java.library.path" value="C:\Program Files\Java\jdk1.8.0_151\jre\bin;C:\WINDOWS\Sun\Java\bin;C:\WINDOWS\system32;C:\WINDOWS;%maven%\bin;E:\vmware\bin\;E:\oracle\app\oracle\product\11.2.0\server\bin;C:\Program Files\Java\jdk1.8.0_151\bin;C:\Program Files\Common Files\Oracle\Java\javapath;C:\Program Files (x86)\Common Files\Oracle\Java\javapath;C:\ProgramData\Oracle\Java\javapath;C:\Program Files (x86)\NVIDIA Corporation\PhysX\Common;C:\Program Files (x86)\Common Files\Intel\Shared Libraries\redist\intel64\compiler;C:\WINDOWS\system32;C:\WINDOWS;C:\WINDOWS\System32\Wbem;C:\WINDOWS\System32\WindowsPowerShell\v1.0\;C:\Program Files (x86)\Common Files\Adobe\AGL;C:\WINDOWS\System32\OpenSSH\;C:\Program Files\Common Files\Autodesk Shared\;C:\Program Files\Microsoft SQL Server\120\Tools\Binn\;E:\node\;C:\Program Files\Git\cmd;C:\Program Files\TortoiseSVN\bin;C:\Users\64378\AppData\Local\Microsoft\WindowsApps;E:\Bandizip\;E:\IntelliJ IDEA 2019.2.4\bin;;E:\WebStorm 2019.2.4\bin;;C:\Users\64378\AppData\Roaming\npm;."/>
    <property name="java.vm.info" value="mixed mode"/>
    <property name="java.vendor" value="Oracle Corporation"/>
    <property name="java.vm.version" value="25.151-b12"/>
    <property name="java.ext.dirs" value="C:\Program Files\Java\jdk1.8.0_151\jre\lib\ext;C:\WINDOWS\Sun\Java\lib\ext"/>
    <property name="sun.io.unicode.encoding" value="UnicodeLittle"/>
    <property name="maven.repo.local" value="E:\res"/>
    <property name="java.class.version" value="52.0"/>
  </properties>
  <testcase name="contextLoads" classname="com.ly.bigdata.CourseChoosingSysApplicationTests" time="0.345"/>
</testsuite>